android/app/build/intermediates/manifest_merge_blame_file/debug/processDebugMainManifest/manifest-merger-blame-debug-report.txt
1<?xml version="1.0" encoding="utf-8"?>
2<manifest xmlns:android="http://schemas.android.com/apk/res/android"
3    package="com.example.virtual_salao"
4    android:versionCode="1"
5    android:versionName="1.0" >
6
7    <uses-sdk
8        android:minSdkVersion="23"
9        android:targetSdkVersion="35" />
10    <!--
11         The INTERNET permission is required for development. Specifically,
12         the Flutter tool needs it to communicate with the running application
13         to allow setting breakpoints, to provide hot reload, etc.
14    -->
15    <uses-permission android:name="android.permission.INTERNET" />
15-->src\main\AndroidManifest.xml:4:5-66
15-->src\main\AndroidManifest.xml:4:22-64
16    <uses-permission android:name="android.permission.ACCESS_FINE_LOCATION" />
16-->src\main\AndroidManifest.xml:2:5-79
16-->src\main\AndroidManifest.xml:2:22-76
17    <uses-permission android:name="android.permission.ACCESS_COARSE_LOCATION" /> <!-- Permissões para image_picker -->
17-->src\main\AndroidManifest.xml:3:5-81
17-->src\main\AndroidManifest.xml:3:22-78
18    <uses-permission android:name="android.permission.READ_EXTERNAL_STORAGE" />
18-->src\main\AndroidManifest.xml:6:5-80
18-->src\main\AndroidManifest.xml:6:22-77
19    <uses-permission android:name="android.permission.CAMERA" />
19-->src\main\AndroidManifest.xml:7:5-65
19-->src\main\AndroidManifest.xml:7:22-62
20    <uses-permission android:name="android.permission.WRITE_EXTERNAL_STORAGE" />
20-->src\main\AndroidManifest.xml:8:5-81
20-->src\main\AndroidManifest.xml:8:22-78
21    <!--
22 Required to query activities that can process text, see:
23         https://developer.android.com/training/package-visibility and
24         https://developer.android.com/reference/android/content/Intent#ACTION_PROCESS_TEXT.
25
26         In particular, this is used by the Flutter engine in io.flutter.plugin.text.ProcessTextPlugin.
27    -->
28    <queries>
28-->src\main\AndroidManifest.xml:62:5-67:15
29        <intent>
29-->src\main\AndroidManifest.xml:63:9-66:18
30            <action android:name="android.intent.action.PROCESS_TEXT" />
30-->src\main\AndroidManifest.xml:64:13-72
30-->src\main\AndroidManifest.xml:64:21-70
31
32            <data android:mimeType="text/plain" />
32-->src\main\AndroidManifest.xml:65:13-50
32-->src\main\AndroidManifest.xml:65:19-48
33        </intent>
34        <!-- Needs to be explicitly declared on Android R+ -->
35        <package android:name="com.google.android.apps.maps" />
35-->[com.google.android.gms:play-services-maps:18.2.0] AndroidManifest.xml:33:9-64
35-->[com.google.android.gms:play-services-maps:18.2.0] AndroidManifest.xml:33:18-61
36    </queries>
37
38    <uses-permission android:name="android.permission.ACCESS_NETWORK_STATE" />
38-->[com.google.firebase:firebase-auth:23.2.1] AndroidManifest.xml:26:5-79
38-->[com.google.firebase:firebase-auth:23.2.1] AndroidManifest.xml:26:22-76
39
40    <uses-feature
40-->[com.google.android.gms:play-services-maps:18.2.0] AndroidManifest.xml:26:5-28:35
41        android:glEsVersion="0x00020000"
41-->[com.google.android.gms:play-services-maps:18.2.0] AndroidManifest.xml:27:9-41
42        android:required="true" />
42-->[com.google.android.gms:play-services-maps:18.2.0] AndroidManifest.xml:28:9-32
43
44    <uses-permission android:name="android.permission.WAKE_LOCK" />
44-->[com.google.android.gms:play-services-measurement:22.5.0] AndroidManifest.xml:25:5-68
44-->[com.google.android.gms:play-services-measurement:22.5.0] AndroidManifest.xml:25:22-65
45    <uses-permission android:name="com.google.android.finsky.permission.BIND_GET_INSTALL_REFERRER_SERVICE" />
45-->[com.google.android.gms:play-services-measurement:22.5.0] AndroidManifest.xml:26:5-110
45-->[com.google.android.gms:play-services-measurement:22.5.0] AndroidManifest.xml:26:22-107
46    <uses-permission android:name="com.google.android.gms.permission.AD_ID" />
46-->[com.google.android.gms:play-services-measurement-api:22.5.0] AndroidManifest.xml:25:5-79
46-->[com.google.android.gms:play-services-measurement-api:22.5.0] AndroidManifest.xml:25:22-76
47    <uses-permission android:name="android.permission.ACCESS_ADSERVICES_ATTRIBUTION" />
47-->[com.google.android.gms:play-services-measurement-api:22.5.0] AndroidManifest.xml:26:5-88
47-->[com.google.android.gms:play-services-measurement-api:22.5.0] AndroidManifest.xml:26:22-85
48    <uses-permission android:name="android.permission.ACCESS_ADSERVICES_AD_ID" />
48-->[com.google.android.gms:play-services-measurement-api:22.5.0] AndroidManifest.xml:27:5-82
48-->[com.google.android.gms:play-services-measurement-api:22.5.0] AndroidManifest.xml:27:22-79
49    <uses-permission android:name="com.google.android.providers.gsf.permission.READ_GSERVICES" />
49-->[com.google.android.recaptcha:recaptcha:18.6.1] AndroidManifest.xml:9:5-98
49-->[com.google.android.recaptcha:recaptcha:18.6.1] AndroidManifest.xml:9:22-95
50
51    <permission
51-->[androidx.core:core:1.13.1] AndroidManifest.xml:22:5-24:47
52        android:name="com.example.virtual_salao.DYNAMIC_RECEIVER_NOT_EXPORTED_PERMISSION"
52-->[androidx.core:core:1.13.1] AndroidManifest.xml:23:9-81
53        android:protectionLevel="signature" />
53-->[androidx.core:core:1.13.1] AndroidManifest.xml:24:9-44
54
55    <uses-permission android:name="com.example.virtual_salao.DYNAMIC_RECEIVER_NOT_EXPORTED_PERMISSION" />
55-->[androidx.core:core:1.13.1] AndroidManifest.xml:26:5-97
55-->[androidx.core:core:1.13.1] AndroidManifest.xml:26:22-94
56
57    <application
58        android:name="android.app.Application"
59        android:appComponentFactory="androidx.core.app.CoreComponentFactory"
59-->[androidx.core:core:1.13.1] AndroidManifest.xml:28:18-86
60        android:debuggable="true"
61        android:extractNativeLibs="false"
62        android:icon="@mipmap/ic_launcher"
63        android:label="virtual_salao" >
64
65        <!-- Google Play Services Version -->
66        <meta-data
67            android:name="com.google.android.gms.version"
68            android:value="@integer/google_play_services_version" />
69
70        <!-- Desabilitar Impeller para evitar crash com Google Maps -->
71        <meta-data
72            android:name="io.flutter.embedding.android.EnableImpeller"
73            android:value="false" />
74
75        <!-- API Key do Google Maps -->
76        <meta-data
77            android:name="com.google.android.geo.API_KEY"
78            android:value="REMOVED " />
79
80        <activity
81            android:name="com.example.virtual_salao.MainActivity"
82            android:configChanges="orientation|keyboardHidden|keyboard|screenSize|smallestScreenSize|locale|layoutDirection|fontScale|screenLayout|density|uiMode"
83            android:exported="true"
84            android:hardwareAccelerated="true"
85            android:launchMode="singleTop"
86            android:taskAffinity=""
87            android:theme="@style/LaunchTheme"
88            android:windowSoftInputMode="adjustResize" >
89
90            <!--
91                 Specifies an Android theme to apply to this Activity as soon as
92                 the Android process has started. This theme is visible to the user
93                 while the Flutter UI initializes. After that, this theme continues
94                 to determine the Window background behind the Flutter UI.
95            -->
96            <meta-data
97                android:name="io.flutter.embedding.android.NormalTheme"
98                android:resource="@style/NormalTheme" />
99
100            <intent-filter>
101                <action android:name="android.intent.action.MAIN" />
102
103                <category android:name="android.intent.category.LAUNCHER" />
104            </intent-filter>
105        </activity>
106        <!--
107             Don't delete the meta-data below.
108             This is used by the Flutter tool to generate GeneratedPluginRegistrant.java
109        -->
110        <meta-data
111            android:name="flutterEmbedding"
112            android:value="2" />
113
114        <service
114-->[:cloud_firestore] AndroidManifest.xml:8:9-12:19
115            android:name="com.google.firebase.components.ComponentDiscoveryService"
115-->[:cloud_firestore] AndroidManifest.xml:8:18-89
116            android:directBootAware="true"
116-->[com.google.firebase:firebase-common:21.0.0] AndroidManifest.xml:32:13-43
117            android:exported="false" >
117-->[com.google.firebase:firebase-auth:23.2.1] AndroidManifest.xml:68:13-37
118            <meta-data
118-->[:cloud_firestore] AndroidManifest.xml:9:13-11:85
119                android:name="com.google.firebase.components:io.flutter.plugins.firebase.firestore.FlutterFirebaseFirestoreRegistrar"
119-->[:cloud_firestore] AndroidManifest.xml:10:17-134
120                android:value="com.google.firebase.components.ComponentRegistrar" />
120-->[:cloud_firestore] AndroidManifest.xml:11:17-82
121            <meta-data
121-->[:firebase_auth] AndroidManifest.xml:9:13-11:85
122                android:name="com.google.firebase.components:io.flutter.plugins.firebase.auth.FlutterFirebaseAuthRegistrar"
122-->[:firebase_auth] AndroidManifest.xml:10:17-124
123                android:value="com.google.firebase.components.ComponentRegistrar" />
123-->[:firebase_auth] AndroidManifest.xml:11:17-82
124            <meta-data
124-->[:firebase_storage] AndroidManifest.xml:9:13-11:85
125                android:name="com.google.firebase.components:io.flutter.plugins.firebase.storage.FlutterFirebaseAppRegistrar"
125-->[:firebase_storage] AndroidManifest.xml:10:17-126
126                android:value="com.google.firebase.components.ComponentRegistrar" />
126-->[:firebase_storage] AndroidManifest.xml:11:17-82
127            <meta-data
127-->[:firebase_core] AndroidManifest.xml:9:13-11:85
128                android:name="com.google.firebase.components:io.flutter.plugins.firebase.core.FlutterFirebaseCoreRegistrar"
128-->[:firebase_core] AndroidManifest.xml:10:17-124
129                android:value="com.google.firebase.components.ComponentRegistrar" />
129-->[:firebase_core] AndroidManifest.xml:11:17-82
130            <meta-data
130-->[com.google.firebase:firebase-auth:23.2.1] AndroidManifest.xml:69:13-71:85
131                android:name="com.google.firebase.components:com.google.firebase.auth.FirebaseAuthRegistrar"
131-->[com.google.firebase:firebase-auth:23.2.1] AndroidManifest.xml:70:17-109
132                android:value="com.google.firebase.components.ComponentRegistrar" />
132-->[com.google.firebase:firebase-auth:23.2.1] AndroidManifest.xml:71:17-82
133            <meta-data
133-->[com.google.firebase:firebase-firestore:25.1.4] AndroidManifest.xml:17:13-19:85
134                android:name="com.google.firebase.components:com.google.firebase.firestore.FirebaseFirestoreKtxRegistrar"
134-->[com.google.firebase:firebase-firestore:25.1.4] AndroidManifest.xml:18:17-122
135                android:value="com.google.firebase.components.ComponentRegistrar" />
135-->[com.google.firebase:firebase-firestore:25.1.4] AndroidManifest.xml:19:17-82
136            <meta-data
136-->[com.google.firebase:firebase-firestore:25.1.4] AndroidManifest.xml:20:13-22:85
137                android:name="com.google.firebase.components:com.google.firebase.firestore.FirestoreRegistrar"
137-->[com.google.firebase:firebase-firestore:25.1.4] AndroidManifest.xml:21:17-111
138                android:value="com.google.firebase.components.ComponentRegistrar" />
138-->[com.google.firebase:firebase-firestore:25.1.4] AndroidManifest.xml:22:17-82
139            <meta-data
139-->[com.google.firebase:firebase-storage:21.0.2] AndroidManifest.xml:30:13-32:85
140                android:name="com.google.firebase.components:com.google.firebase.storage.FirebaseStorageKtxRegistrar"
140-->[com.google.firebase:firebase-storage:21.0.2] AndroidManifest.xml:31:17-118
141                android:value="com.google.firebase.components.ComponentRegistrar" />
141-->[com.google.firebase:firebase-storage:21.0.2] AndroidManifest.xml:32:17-82
142            <meta-data
142-->[com.google.firebase:firebase-storage:21.0.2] AndroidManifest.xml:33:13-35:85
143                android:name="com.google.firebase.components:com.google.firebase.storage.StorageRegistrar"
143-->[com.google.firebase:firebase-storage:21.0.2] AndroidManifest.xml:34:17-107
144                android:value="com.google.firebase.components.ComponentRegistrar" />
144-->[com.google.firebase:firebase-storage:21.0.2] AndroidManifest.xml:35:17-82
145            <meta-data
145-->[com.google.android.gms:play-services-measurement-api:22.5.0] AndroidManifest.xml:33:13-35:85
146                android:name="com.google.firebase.components:com.google.firebase.analytics.connector.internal.AnalyticsConnectorRegistrar"
146-->[com.google.android.gms:play-services-measurement-api:22.5.0] AndroidManifest.xml:34:17-139
147                android:value="com.google.firebase.components.ComponentRegistrar" />
147-->[com.google.android.gms:play-services-measurement-api:22.5.0] AndroidManifest.xml:35:17-82
148            <meta-data
148-->[com.google.firebase:firebase-appcheck:18.0.0] AndroidManifest.xml:25:13-27:85
149                android:name="com.google.firebase.components:com.google.firebase.appcheck.FirebaseAppCheckKtxRegistrar"
149-->[com.google.firebase:firebase-appcheck:18.0.0] AndroidManifest.xml:26:17-120
150                android:value="com.google.firebase.components.ComponentRegistrar" />
150-->[com.google.firebase:firebase-appcheck:18.0.0] AndroidManifest.xml:27:17-82
151            <meta-data
151-->[com.google.firebase:firebase-appcheck:18.0.0] AndroidManifest.xml:28:13-30:85
152                android:name="com.google.firebase.components:com.google.firebase.appcheck.FirebaseAppCheckRegistrar"
152-->[com.google.firebase:firebase-appcheck:18.0.0] AndroidManifest.xml:29:17-117
153                android:value="com.google.firebase.components.ComponentRegistrar" />
153-->[com.google.firebase:firebase-appcheck:18.0.0] AndroidManifest.xml:30:17-82
154            <meta-data
154-->[com.google.firebase:firebase-installations:18.0.0] AndroidManifest.xml:15:13-17:85
155                android:name="com.google.firebase.components:com.google.firebase.installations.FirebaseInstallationsKtxRegistrar"
155-->[com.google.firebase:firebase-installations:18.0.0] AndroidManifest.xml:16:17-130
156                android:value="com.google.firebase.components.ComponentRegistrar" />
156-->[com.google.firebase:firebase-installations:18.0.0] AndroidManifest.xml:17:17-82
157            <meta-data
157-->[com.google.firebase:firebase-installations:18.0.0] AndroidManifest.xml:18:13-20:85
158                android:name="com.google.firebase.components:com.google.firebase.installations.FirebaseInstallationsRegistrar"
158-->[com.google.firebase:firebase-installations:18.0.0] AndroidManifest.xml:19:17-127
159                android:value="com.google.firebase.components.ComponentRegistrar" />
159-->[com.google.firebase:firebase-installations:18.0.0] AndroidManifest.xml:20:17-82
160            <meta-data
160-->[com.google.firebase:firebase-common-ktx:21.0.0] AndroidManifest.xml:12:13-14:85
161                android:name="com.google.firebase.components:com.google.firebase.ktx.FirebaseCommonLegacyRegistrar"
161-->[com.google.firebase:firebase-common-ktx:21.0.0] AndroidManifest.xml:13:17-116
162                android:value="com.google.firebase.components.ComponentRegistrar" />
162-->[com.google.firebase:firebase-common-ktx:21.0.0] AndroidManifest.xml:14:17-82
163            <meta-data
163-->[com.google.firebase:firebase-common:21.0.0] AndroidManifest.xml:35:13-37:85
164                android:name="com.google.firebase.components:com.google.firebase.FirebaseCommonKtxRegistrar"
164-->[com.google.firebase:firebase-common:21.0.0] AndroidManifest.xml:36:17-109
165                android:value="com.google.firebase.components.ComponentRegistrar" />
165-->[com.google.firebase:firebase-common:21.0.0] AndroidManifest.xml:37:17-82
166        </service>
167
168        <activity
168-->[com.google.firebase:firebase-auth:23.2.1] AndroidManifest.xml:29:9-46:20
169            android:name="com.google.firebase.auth.internal.GenericIdpActivity"
169-->[com.google.firebase:firebase-auth:23.2.1] AndroidManifest.xml:30:13-80
170            android:excludeFromRecents="true"
170-->[com.google.firebase:firebase-auth:23.2.1] AndroidManifest.xml:31:13-46
171            android:exported="true"
171-->[com.google.firebase:firebase-auth:23.2.1] AndroidManifest.xml:32:13-36
172            android:launchMode="singleTask"
172-->[com.google.firebase:firebase-auth:23.2.1] AndroidManifest.xml:33:13-44
173            android:theme="@android:style/Theme.Translucent.NoTitleBar" >
173-->[com.google.firebase:firebase-auth:23.2.1] AndroidManifest.xml:34:13-72
174            <intent-filter>
174-->[com.google.firebase:firebase-auth:23.2.1] AndroidManifest.xml:35:13-45:29
175                <action android:name="android.intent.action.VIEW" />
175-->[com.google.firebase:firebase-auth:23.2.1] AndroidManifest.xml:36:17-69
175-->[com.google.firebase:firebase-auth:23.2.1] AndroidManifest.xml:36:25-66
176
177                <category android:name="android.intent.category.DEFAULT" />
177-->[com.google.firebase:firebase-auth:23.2.1] AndroidManifest.xml:38:17-76
177-->[com.google.firebase:firebase-auth:23.2.1] AndroidManifest.xml:38:27-73
178                <category android:name="android.intent.category.BROWSABLE" />
178-->[com.google.firebase:firebase-auth:23.2.1] AndroidManifest.xml:39:17-78
178-->[com.google.firebase:firebase-auth:23.2.1] AndroidManifest.xml:39:27-75
179
180                <data
180-->src\main\AndroidManifest.xml:65:13-50
181                    android:host="firebase.auth"
182                    android:path="/"
183                    android:scheme="genericidp" />
184            </intent-filter>
185        </activity>
186        <activity
186-->[com.google.firebase:firebase-auth:23.2.1] AndroidManifest.xml:47:9-64:20
187            android:name="com.google.firebase.auth.internal.RecaptchaActivity"
187-->[com.google.firebase:firebase-auth:23.2.1] AndroidManifest.xml:48:13-79
188            android:excludeFromRecents="true"
188-->[com.google.firebase:firebase-auth:23.2.1] AndroidManifest.xml:49:13-46
189            android:exported="true"
189-->[com.google.firebase:firebase-auth:23.2.1] AndroidManifest.xml:50:13-36
190            android:launchMode="singleTask"
190-->[com.google.firebase:firebase-auth:23.2.1] AndroidManifest.xml:51:13-44
191            android:theme="@android:style/Theme.Translucent.NoTitleBar" >
191-->[com.google.firebase:firebase-auth:23.2.1] AndroidManifest.xml:52:13-72
192            <intent-filter>
192-->[com.google.firebase:firebase-auth:23.2.1] AndroidManifest.xml:53:13-63:29
193                <action android:name="android.intent.action.VIEW" />
193-->[com.google.firebase:firebase-auth:23.2.1] AndroidManifest.xml:36:17-69
193-->[com.google.firebase:firebase-auth:23.2.1] AndroidManifest.xml:36:25-66
194
195                <category android:name="android.intent.category.DEFAULT" />
195-->[com.google.firebase:firebase-auth:23.2.1] AndroidManifest.xml:38:17-76
195-->[com.google.firebase:firebase-auth:23.2.1] AndroidManifest.xml:38:27-73
196                <category android:name="android.intent.category.BROWSABLE" />
196-->[com.google.firebase:firebase-auth:23.2.1] AndroidManifest.xml:39:17-78
196-->[com.google.firebase:firebase-auth:23.2.1] AndroidManifest.xml:39:27-75
197
198                <data
198-->src\main\AndroidManifest.xml:65:13-50
199                    android:host="firebase.auth"
200                    android:path="/"
201                    android:scheme="recaptcha" />
202            </intent-filter>
203        </activity>
204
205        <service
205-->[:geolocator_android] AndroidManifest.xml:8:9-12:56
206            android:name="com.baseflow.geolocator.GeolocatorLocationService"
206-->[:geolocator_android] AndroidManifest.xml:9:13-77
207            android:enabled="true"
207-->[:geolocator_android] AndroidManifest.xml:10:13-35
208            android:exported="false"
208-->[:geolocator_android] AndroidManifest.xml:11:13-37
209            android:foregroundServiceType="location" />
209-->[:geolocator_android] AndroidManifest.xml:12:13-53
210
211        <provider
211-->[:image_picker_android] AndroidManifest.xml:9:9-17:20
212            android:name="io.flutter.plugins.imagepicker.ImagePickerFileProvider"
212-->[:image_picker_android] AndroidManifest.xml:10:13-82
213            android:authorities="com.example.virtual_salao.flutter.image_provider"
213-->[:image_picker_android] AndroidManifest.xml:11:13-74
214            android:exported="false"
214-->[:image_picker_android] AndroidManifest.xml:12:13-37
215            android:grantUriPermissions="true" >
215-->[:image_picker_android] AndroidManifest.xml:13:13-47
216            <meta-data
216-->[:image_picker_android] AndroidManifest.xml:14:13-16:75
217                android:name="android.support.FILE_PROVIDER_PATHS"
217-->[:image_picker_android] AndroidManifest.xml:15:17-67
218                android:resource="@xml/flutter_image_picker_file_paths" />
218-->[:image_picker_android] AndroidManifest.xml:16:17-72
219        </provider> <!-- Trigger Google Play services to install the backported photo picker module. -->
220        <service
220-->[:image_picker_android] AndroidManifest.xml:19:9-31:19
221            android:name="com.google.android.gms.metadata.ModuleDependencies"
221-->[:image_picker_android] AndroidManifest.xml:20:13-78
222            android:enabled="false"
222-->[:image_picker_android] AndroidManifest.xml:21:13-36
223            android:exported="false" >
223-->[:image_picker_android] AndroidManifest.xml:22:13-37
224            <intent-filter>
224-->[:image_picker_android] AndroidManifest.xml:24:13-26:29
225                <action android:name="com.google.android.gms.metadata.MODULE_DEPENDENCIES" />
225-->[:image_picker_android] AndroidManifest.xml:25:17-94
225-->[:image_picker_android] AndroidManifest.xml:25:25-91
226            </intent-filter>
227
228            <meta-data
228-->[:image_picker_android] AndroidManifest.xml:28:13-30:36
229                android:name="photopicker_activity:0:required"
229-->[:image_picker_android] AndroidManifest.xml:29:17-63
230                android:value="" />
230-->[:image_picker_android] AndroidManifest.xml:30:17-33
231        </service> <!-- Needs to be explicitly declared on P+ -->
232        <uses-library
232-->[com.google.android.gms:play-services-maps:18.2.0] AndroidManifest.xml:39:9-41:40
233            android:name="org.apache.http.legacy"
233-->[com.google.android.gms:play-services-maps:18.2.0] AndroidManifest.xml:40:13-50
234            android:required="false" />
234-->[com.google.android.gms:play-services-maps:18.2.0] AndroidManifest.xml:41:13-37
235
236        <receiver
236-->[com.google.android.gms:play-services-measurement:22.5.0] AndroidManifest.xml:29:9-33:20
237            android:name="com.google.android.gms.measurement.AppMeasurementReceiver"
237-->[com.google.android.gms:play-services-measurement:22.5.0] AndroidManifest.xml:30:13-85
238            android:enabled="true"
238-->[com.google.android.gms:play-services-measurement:22.5.0] AndroidManifest.xml:31:13-35
239            android:exported="false" >
239-->[com.google.android.gms:play-services-measurement:22.5.0] AndroidManifest.xml:32:13-37
240        </receiver>
241
242        <service
242-->[com.google.android.gms:play-services-measurement:22.5.0] AndroidManifest.xml:35:9-38:40
243            android:name="com.google.android.gms.measurement.AppMeasurementService"
243-->[com.google.android.gms:play-services-measurement:22.5.0] AndroidManifest.xml:36:13-84
244            android:enabled="true"
244-->[com.google.android.gms:play-services-measurement:22.5.0] AndroidManifest.xml:37:13-35
245            android:exported="false" />
245-->[com.google.android.gms:play-services-measurement:22.5.0] AndroidManifest.xml:38:13-37
246        <service
246-->[com.google.android.gms:play-services-measurement:22.5.0] AndroidManifest.xml:39:9-43:72
247            android:name="com.google.android.gms.measurement.AppMeasurementJobService"
247-->[com.google.android.gms:play-services-measurement:22.5.0] AndroidManifest.xml:40:13-87
248            android:enabled="true"
248-->[com.google.android.gms:play-services-measurement:22.5.0] AndroidManifest.xml:41:13-35
249            android:exported="false"
249-->[com.google.android.gms:play-services-measurement:22.5.0] AndroidManifest.xml:42:13-37
250            android:permission="android.permission.BIND_JOB_SERVICE" />
250-->[com.google.android.gms:play-services-measurement:22.5.0] AndroidManifest.xml:43:13-69
251        <service
251-->[androidx.credentials:credentials-play-services-auth:1.2.0-rc01] AndroidManifest.xml:24:9-32:19
252            android:name="androidx.credentials.playservices.CredentialProviderMetadataHolder"
252-->[androidx.credentials:credentials-play-services-auth:1.2.0-rc01] AndroidManifest.xml:25:13-94
253            android:enabled="true"
253-->[androidx.credentials:credentials-play-services-auth:1.2.0-rc01] AndroidManifest.xml:26:13-35
254            android:exported="false" >
254-->[androidx.credentials:credentials-play-services-auth:1.2.0-rc01] AndroidManifest.xml:27:13-37
255            <meta-data
255-->[androidx.credentials:credentials-play-services-auth:1.2.0-rc01] AndroidManifest.xml:29:13-31:104
256                android:name="androidx.credentials.CREDENTIAL_PROVIDER_KEY"
256-->[androidx.credentials:credentials-play-services-auth:1.2.0-rc01] AndroidManifest.xml:30:17-76
257                android:value="androidx.credentials.playservices.CredentialProviderPlayServicesImpl" />
257-->[androidx.credentials:credentials-play-services-auth:1.2.0-rc01] AndroidManifest.xml:31:17-101
258        </service>
259
260        <activity
260-->[androidx.credentials:credentials-play-services-auth:1.2.0-rc01] AndroidManifest.xml:34:9-41:20
261            android:name="androidx.credentials.playservices.HiddenActivity"
261-->[androidx.credentials:credentials-play-services-auth:1.2.0-rc01] AndroidManifest.xml:35:13-76
262            android:configChanges="orientation|screenSize|screenLayout|keyboardHidden"
262-->[androidx.credentials:credentials-play-services-auth:1.2.0-rc01] AndroidManifest.xml:36:13-87
263            android:enabled="true"
263-->[androidx.credentials:credentials-play-services-auth:1.2.0-rc01] AndroidManifest.xml:37:13-35
264            android:exported="false"
264-->[androidx.credentials:credentials-play-services-auth:1.2.0-rc01] AndroidManifest.xml:38:13-37
265            android:fitsSystemWindows="true"
265-->[androidx.credentials:credentials-play-services-auth:1.2.0-rc01] AndroidManifest.xml:39:13-45
266            android:theme="@style/Theme.Hidden" >
266-->[androidx.credentials:credentials-play-services-auth:1.2.0-rc01] AndroidManifest.xml:40:13-48
267        </activity>
268        <activity
268-->[com.google.android.gms:play-services-auth:20.7.0] AndroidManifest.xml:23:9-27:75
269            android:name="com.google.android.gms.auth.api.signin.internal.SignInHubActivity"
269-->[com.google.android.gms:play-services-auth:20.7.0] AndroidManifest.xml:24:13-93
270            android:excludeFromRecents="true"
270-->[com.google.android.gms:play-services-auth:20.7.0] AndroidManifest.xml:25:13-46
271            android:exported="false"
271-->[com.google.android.gms:play-services-auth:20.7.0] AndroidManifest.xml:26:13-37
272            android:theme="@android:style/Theme.Translucent.NoTitleBar" />
272-->[com.google.android.gms:play-services-auth:20.7.0] AndroidManifest.xml:27:13-72
273        <!--
274            Service handling Google Sign-In user revocation. For apps that do not integrate with
275            Google Sign-In, this service will never be started.
276        -->
277        <service
277-->[com.google.android.gms:play-services-auth:20.7.0] AndroidManifest.xml:33:9-37:51
278            android:name="com.google.android.gms.auth.api.signin.RevocationBoundService"
278-->[com.google.android.gms:play-services-auth:20.7.0] AndroidManifest.xml:34:13-89
279            android:exported="true"
279-->[com.google.android.gms:play-services-auth:20.7.0] AndroidManifest.xml:35:13-36
280            android:permission="com.google.android.gms.auth.api.signin.permission.REVOCATION_NOTIFICATION"
280-->[com.google.android.gms:play-services-auth:20.7.0] AndroidManifest.xml:36:13-107
281            android:visibleToInstantApps="true" />
281-->[com.google.android.gms:play-services-auth:20.7.0] AndroidManifest.xml:37:13-48
282
283        <provider
283-->[com.google.firebase:firebase-common:21.0.0] AndroidManifest.xml:23:9-28:39
284            android:name="com.google.firebase.provider.FirebaseInitProvider"
284-->[com.google.firebase:firebase-common:21.0.0] AndroidManifest.xml:24:13-77
285            android:authorities="com.example.virtual_salao.firebaseinitprovider"
285-->[com.google.firebase:firebase-common:21.0.0] AndroidManifest.xml:25:13-72
286            android:directBootAware="true"
286-->[com.google.firebase:firebase-common:21.0.0] AndroidManifest.xml:26:13-43
287            android:exported="false"
287-->[com.google.firebase:firebase-common:21.0.0] AndroidManifest.xml:27:13-37
288            android:initOrder="100" />
288-->[com.google.firebase:firebase-common:21.0.0] AndroidManifest.xml:28:13-36
289        <provider
289-->[androidx.lifecycle:lifecycle-process:2.7.0] AndroidManifest.xml:24:9-32:20
290            android:name="androidx.startup.InitializationProvider"
290-->[androidx.lifecycle:lifecycle-process:2.7.0] AndroidManifest.xml:25:13-67
291            android:authorities="com.example.virtual_salao.androidx-startup"
291-->[androidx.lifecycle:lifecycle-process:2.7.0] AndroidManifest.xml:26:13-68
292            android:exported="false" >